<?xml version="1.0" encoding="UTF-8"?>
<testsuite xmlns:xsi="http://www.w3.org/2001/XMLSchema-instance" xsi:noNamespaceSchemaLocation="https://maven.apache.org/surefire/maven-surefire-plugin/xsd/surefire-test-report.xsd" name="test.AppTest" time="14.06" tests="1" errors="0" skipped="0" failures="0">
  <properties>
    <property name="gopherProxySet" value="false"/>
    <property name="awt.toolkit" value="sun.lwawt.macosx.LWCToolkit"/>
    <property name="java.specification.version" value="11"/>
    <property name="sun.cpu.isalist" value=""/>
    <property name="sun.jnu.encoding" value="UTF-8"/>
    <property name="java.class.path" value="/Users/msuren1/Desktop/Bootcamp/test/target/test-classes:/Users/msuren1/Desktop/Bootcamp/test/target/classes:/Users/msuren1/.m2/repository/junit/junit/4.11/junit-4.11.jar:/Users/msuren1/.m2/repository/org/hamcrest/hamcrest-core/1.3/hamcrest-core-1.3.jar:/Users/msuren1/.m2/repository/org/codehaus/groovy/groovy/3.0.0-alpha-3/groovy-3.0.0-alpha-3.jar:/Users/msuren1/.m2/repository/org/codehaus/groovy/groovy-ant/3.0.0-alpha-3/groovy-ant-3.0.0-alpha-3.jar:/Users/msuren1/.m2/repository/org/apache/ant/ant/1.10.3/ant-1.10.3.jar:/Users/msuren1/.m2/repository/org/apache/ant/ant-junit/1.10.3/ant-junit-1.10.3.jar:/Users/msuren1/.m2/repository/org/apache/ant/ant-launcher/1.10.3/ant-launcher-1.10.3.jar:/Users/msuren1/.m2/repository/org/apache/ant/ant-antlr/1.10.3/ant-antlr-1.10.3.jar:/Users/msuren1/.m2/repository/org/codehaus/groovy/groovy-bsf/3.0.0-alpha-3/groovy-bsf-3.0.0-alpha-3.jar:/Users/msuren1/.m2/repository/bsf/bsf/2.4.0/bsf-2.4.0.jar:/Users/msuren1/.m2/repository/org/codehaus/groovy/groovy-cli-picocli/3.0.0-alpha-3/groovy-cli-picocli-3.0.0-alpha-3.jar:/Users/msuren1/.m2/repository/info/picocli/picocli/3.0.2/picocli-3.0.2.jar:/Users/msuren1/.m2/repository/org/codehaus/groovy/groovy-console/3.0.0-alpha-3/groovy-console-3.0.0-alpha-3.jar:/Users/msuren1/.m2/repository/org/codehaus/groovy/groovy-datetime/3.0.0-alpha-3/groovy-datetime-3.0.0-alpha-3.jar:/Users/msuren1/.m2/repository/org/codehaus/groovy/groovy-docgenerator/3.0.0-alpha-3/groovy-docgenerator-3.0.0-alpha-3.jar:/Users/msuren1/.m2/repository/com/thoughtworks/qdox/qdox/1.12.1/qdox-1.12.1.jar:/Users/msuren1/.m2/repository/org/codehaus/groovy/groovy-groovydoc/3.0.0-alpha-3/groovy-groovydoc-3.0.0-alpha-3.jar:/Users/msuren1/.m2/repository/org/codehaus/groovy/groovy-dateutil/3.0.0-alpha-3/groovy-dateutil-3.0.0-alpha-3.jar:/Users/msuren1/.m2/repository/org/codehaus/groovy/groovy-groovysh/3.0.0-alpha-3/groovy-groovysh-3.0.0-alpha-3.jar:/Users/msuren1/.m2/repository/jline/jline/2.14.6/jline-2.14.6.jar:/Users/msuren1/.m2/repository/org/codehaus/groovy/groovy-jmx/3.0.0-alpha-3/groovy-jmx-3.0.0-alpha-3.jar:/Users/msuren1/.m2/repository/org/codehaus/groovy/groovy-json/3.0.0-alpha-3/groovy-json-3.0.0-alpha-3.jar:/Users/msuren1/.m2/repository/org/codehaus/groovy/groovy-jsr223/3.0.0-alpha-3/groovy-jsr223-3.0.0-alpha-3.jar:/Users/msuren1/.m2/repository/org/codehaus/groovy/groovy-macro/3.0.0-alpha-3/groovy-macro-3.0.0-alpha-3.jar:/Users/msuren1/.m2/repository/org/codehaus/groovy/groovy-nio/3.0.0-alpha-3/groovy-nio-3.0.0-alpha-3.jar:/Users/msuren1/.m2/repository/org/codehaus/groovy/groovy-servlet/3.0.0-alpha-3/groovy-servlet-3.0.0-alpha-3.jar:/Users/msuren1/.m2/repository/org/codehaus/groovy/groovy-sql/3.0.0-alpha-3/groovy-sql-3.0.0-alpha-3.jar:/Users/msuren1/.m2/repository/org/codehaus/groovy/groovy-swing/3.0.0-alpha-3/groovy-swing-3.0.0-alpha-3.jar:/Users/msuren1/.m2/repository/org/codehaus/groovy/groovy-templates/3.0.0-alpha-3/groovy-templates-3.0.0-alpha-3.jar:/Users/msuren1/.m2/repository/org/codehaus/groovy/groovy-test/3.0.0-alpha-3/groovy-test-3.0.0-alpha-3.jar:/Users/msuren1/.m2/repository/org/codehaus/groovy/groovy-test-junit5/3.0.0-alpha-3/groovy-test-junit5-3.0.0-alpha-3.jar:/Users/msuren1/.m2/repository/org/junit/platform/junit-platform-launcher/1.2.0/junit-platform-launcher-1.2.0.jar:/Users/msuren1/.m2/repository/org/apiguardian/apiguardian-api/1.0.0/apiguardian-api-1.0.0.jar:/Users/msuren1/.m2/repository/org/junit/platform/junit-platform-engine/1.2.0/junit-platform-engine-1.2.0.jar:/Users/msuren1/.m2/repository/org/junit/platform/junit-platform-commons/1.2.0/junit-platform-commons-1.2.0.jar:/Users/msuren1/.m2/repository/org/opentest4j/opentest4j/1.1.0/opentest4j-1.1.0.jar:/Users/msuren1/.m2/repository/org/junit/jupiter/junit-jupiter-engine/5.2.0/junit-jupiter-engine-5.2.0.jar:/Users/msuren1/.m2/repository/org/junit/jupiter/junit-jupiter-api/5.2.0/junit-jupiter-api-5.2.0.jar:/Users/msuren1/.m2/repository/org/codehaus/groovy/groovy-testng/3.0.0-alpha-3/groovy-testng-3.0.0-alpha-3.jar:/Users/msuren1/.m2/repository/org/codehaus/groovy/groovy-xml/3.0.0-alpha-3/groovy-xml-3.0.0-alpha-3.jar:/Users/msuren1/.m2/repository/org/seleniumhq/selenium/selenium-java/3.14.0/selenium-java-3.14.0.jar:/Users/msuren1/.m2/repository/org/seleniumhq/selenium/selenium-api/3.14.0/selenium-api-3.14.0.jar:/Users/msuren1/.m2/repository/org/seleniumhq/selenium/selenium-chrome-driver/3.14.0/selenium-chrome-driver-3.14.0.jar:/Users/msuren1/.m2/repository/org/seleniumhq/selenium/selenium-edge-driver/3.14.0/selenium-edge-driver-3.14.0.jar:/Users/msuren1/.m2/repository/org/seleniumhq/selenium/selenium-firefox-driver/3.14.0/selenium-firefox-driver-3.14.0.jar:/Users/msuren1/.m2/repository/org/seleniumhq/selenium/selenium-ie-driver/3.14.0/selenium-ie-driver-3.14.0.jar:/Users/msuren1/.m2/repository/org/seleniumhq/selenium/selenium-opera-driver/3.14.0/selenium-opera-driver-3.14.0.jar:/Users/msuren1/.m2/repository/org/seleniumhq/selenium/selenium-remote-driver/3.14.0/selenium-remote-driver-3.14.0.jar:/Users/msuren1/.m2/repository/org/seleniumhq/selenium/selenium-safari-driver/3.14.0/selenium-safari-driver-3.14.0.jar:/Users/msuren1/.m2/repository/org/seleniumhq/selenium/selenium-support/3.14.0/selenium-support-3.14.0.jar:/Users/msuren1/.m2/repository/net/bytebuddy/byte-buddy/1.8.15/byte-buddy-1.8.15.jar:/Users/msuren1/.m2/repository/org/apache/commons/commons-exec/1.3/commons-exec-1.3.jar:/Users/msuren1/.m2/repository/commons-codec/commons-codec/1.10/commons-codec-1.10.jar:/Users/msuren1/.m2/repository/commons-logging/commons-logging/1.2/commons-logging-1.2.jar:/Users/msuren1/.m2/repository/com/google/guava/guava/25.0-jre/guava-25.0-jre.jar:/Users/msuren1/.m2/repository/com/google/code/findbugs/jsr305/1.3.9/jsr305-1.3.9.jar:/Users/msuren1/.m2/repository/org/checkerframework/checker-compat-qual/2.0.0/checker-compat-qual-2.0.0.jar:/Users/msuren1/.m2/repository/com/google/errorprone/error_prone_annotations/2.1.3/error_prone_annotations-2.1.3.jar:/Users/msuren1/.m2/repository/com/google/j2objc/j2objc-annotations/1.1/j2objc-annotations-1.1.jar:/Users/msuren1/.m2/repository/org/codehaus/mojo/animal-sniffer-annotations/1.14/animal-sniffer-annotations-1.14.jar:/Users/msuren1/.m2/repository/org/apache/httpcomponents/httpclient/4.5.5/httpclient-4.5.5.jar:/Users/msuren1/.m2/repository/org/apache/httpcomponents/httpcore/4.4.9/httpcore-4.4.9.jar:/Users/msuren1/.m2/repository/com/squareup/okhttp3/okhttp/3.10.0/okhttp-3.10.0.jar:/Users/msuren1/.m2/repository/com/squareup/okio/okio/1.14.1/okio-1.14.1.jar:/Users/msuren1/.m2/repository/org/uncommons/reportng/1.1.4/reportng-1.1.4.jar:/Users/msuren1/.m2/repository/velocity/velocity/1.4/velocity-1.4.jar:/Users/msuren1/.m2/repository/velocity/velocity-dep/1.4/velocity-dep-1.4.jar:/Users/msuren1/.m2/repository/com/google/inject/guice/3.0/guice-3.0.jar:/Users/msuren1/.m2/repository/javax/inject/javax.inject/1/javax.inject-1.jar:/Users/msuren1/.m2/repository/aopalliance/aopalliance/1.0/aopalliance-1.0.jar:/Users/msuren1/.m2/repository/org/testng/testng/6.14.2/testng-6.14.2.jar:/Users/msuren1/.m2/repository/org/apache-extras/beanshell/bsh/2.0b6/bsh-2.0b6.jar:/Users/msuren1/.m2/repository/org/springframework/spring-core/5.1.0.RELEASE/spring-core-5.1.0.RELEASE.jar:/Users/msuren1/.m2/repository/org/springframework/spring-jcl/5.1.0.RELEASE/spring-jcl-5.1.0.RELEASE.jar:/Users/msuren1/.m2/repository/org/springframework/spring-context/5.1.0.RELEASE/spring-context-5.1.0.RELEASE.jar:/Users/msuren1/.m2/repository/org/springframework/spring-aop/5.1.0.RELEASE/spring-aop-5.1.0.RELEASE.jar:/Users/msuren1/.m2/repository/org/springframework/spring-beans/5.1.0.RELEASE/spring-beans-5.1.0.RELEASE.jar:/Users/msuren1/.m2/repository/org/springframework/spring-expression/5.1.0.RELEASE/spring-expression-5.1.0.RELEASE.jar:/Users/msuren1/.m2/repository/com/beust/jcommander/1.72/jcommander-1.72.jar:"/>
    <property name="java.vm.vendor" value="Oracle Corporation"/>
    <property name="sun.arch.data.model" value="64"/>
    <property name="java.vendor.url" value="http://java.oracle.com/"/>
    <property name="user.timezone" value=""/>
    <property name="java.vm.specification.version" value="11"/>
    <property name="os.name" value="Mac OS X"/>
    <property name="sun.java.launcher" value="SUN_STANDARD"/>
    <property name="user.country" value="US"/>
    <property name="sun.boot.library.path" value="/Library/Java/JavaVirtualMachines/jdk-11.0.4.jdk/Contents/Home/lib"/>
    <property name="sun.java.command" value="/Users/msuren1/Desktop/Bootcamp/test/target/surefire/surefirebooter9147576092532106659.jar /Users/msuren1/Desktop/Bootcamp/test/target/surefire 2020-05-29T19-16-12_446-jvmRun1 surefire2847209787927570778tmp surefire_0155436715569592898tmp"/>
    <property name="http.nonProxyHosts" value="local|*.local|169.254/16|*.169.254/16"/>
    <property name="jdk.debug" value="release"/>
    <property name="surefire.test.class.path" value="/Users/msuren1/Desktop/Bootcamp/test/target/test-classes:/Users/msuren1/Desktop/Bootcamp/test/target/classes:/Users/msuren1/.m2/repository/junit/junit/4.11/junit-4.11.jar:/Users/msuren1/.m2/repository/org/hamcrest/hamcrest-core/1.3/hamcrest-core-1.3.jar:/Users/msuren1/.m2/repository/org/codehaus/groovy/groovy/3.0.0-alpha-3/groovy-3.0.0-alpha-3.jar:/Users/msuren1/.m2/repository/org/codehaus/groovy/groovy-ant/3.0.0-alpha-3/groovy-ant-3.0.0-alpha-3.jar:/Users/msuren1/.m2/repository/org/apache/ant/ant/1.10.3/ant-1.10.3.jar:/Users/msuren1/.m2/repository/org/apache/ant/ant-junit/1.10.3/ant-junit-1.10.3.jar:/Users/msuren1/.m2/repository/org/apache/ant/ant-launcher/1.10.3/ant-launcher-1.10.3.jar:/Users/msuren1/.m2/repository/org/apache/ant/ant-antlr/1.10.3/ant-antlr-1.10.3.jar:/Users/msuren1/.m2/repository/org/codehaus/groovy/groovy-bsf/3.0.0-alpha-3/groovy-bsf-3.0.0-alpha-3.jar:/Users/msuren1/.m2/repository/bsf/bsf/2.4.0/bsf-2.4.0.jar:/Users/msuren1/.m2/repository/org/codehaus/groovy/groovy-cli-picocli/3.0.0-alpha-3/groovy-cli-picocli-3.0.0-alpha-3.jar:/Users/msuren1/.m2/repository/info/picocli/picocli/3.0.2/picocli-3.0.2.jar:/Users/msuren1/.m2/repository/org/codehaus/groovy/groovy-console/3.0.0-alpha-3/groovy-console-3.0.0-alpha-3.jar:/Users/msuren1/.m2/repository/org/codehaus/groovy/groovy-datetime/3.0.0-alpha-3/groovy-datetime-3.0.0-alpha-3.jar:/Users/msuren1/.m2/repository/org/codehaus/groovy/groovy-docgenerator/3.0.0-alpha-3/groovy-docgenerator-3.0.0-alpha-3.jar:/Users/msuren1/.m2/repository/com/thoughtworks/qdox/qdox/1.12.1/qdox-1.12.1.jar:/Users/msuren1/.m2/repository/org/codehaus/groovy/groovy-groovydoc/3.0.0-alpha-3/groovy-groovydoc-3.0.0-alpha-3.jar:/Users/msuren1/.m2/repository/org/codehaus/groovy/groovy-dateutil/3.0.0-alpha-3/groovy-dateutil-3.0.0-alpha-3.jar:/Users/msuren1/.m2/repository/org/codehaus/groovy/groovy-groovysh/3.0.0-alpha-3/groovy-groovysh-3.0.0-alpha-3.jar:/Users/msuren1/.m2/repository/jline/jline/2.14.6/jline-2.14.6.jar:/Users/msuren1/.m2/repository/org/codehaus/groovy/groovy-jmx/3.0.0-alpha-3/groovy-jmx-3.0.0-alpha-3.jar:/Users/msuren1/.m2/repository/org/codehaus/groovy/groovy-json/3.0.0-alpha-3/groovy-json-3.0.0-alpha-3.jar:/Users/msuren1/.m2/repository/org/codehaus/groovy/groovy-jsr223/3.0.0-alpha-3/groovy-jsr223-3.0.0-alpha-3.jar:/Users/msuren1/.m2/repository/org/codehaus/groovy/groovy-macro/3.0.0-alpha-3/groovy-macro-3.0.0-alpha-3.jar:/Users/msuren1/.m2/repository/org/codehaus/groovy/groovy-nio/3.0.0-alpha-3/groovy-nio-3.0.0-alpha-3.jar:/Users/msuren1/.m2/repository/org/codehaus/groovy/groovy-servlet/3.0.0-alpha-3/groovy-servlet-3.0.0-alpha-3.jar:/Users/msuren1/.m2/repository/org/codehaus/groovy/groovy-sql/3.0.0-alpha-3/groovy-sql-3.0.0-alpha-3.jar:/Users/msuren1/.m2/repository/org/codehaus/groovy/groovy-swing/3.0.0-alpha-3/groovy-swing-3.0.0-alpha-3.jar:/Users/msuren1/.m2/repository/org/codehaus/groovy/groovy-templates/3.0.0-alpha-3/groovy-templates-3.0.0-alpha-3.jar:/Users/msuren1/.m2/repository/org/codehaus/groovy/groovy-test/3.0.0-alpha-3/groovy-test-3.0.0-alpha-3.jar:/Users/msuren1/.m2/repository/org/codehaus/groovy/groovy-test-junit5/3.0.0-alpha-3/groovy-test-junit5-3.0.0-alpha-3.jar:/Users/msuren1/.m2/repository/org/junit/platform/junit-platform-launcher/1.2.0/junit-platform-launcher-1.2.0.jar:/Users/msuren1/.m2/repository/org/apiguardian/apiguardian-api/1.0.0/apiguardian-api-1.0.0.jar:/Users/msuren1/.m2/repository/org/junit/platform/junit-platform-engine/1.2.0/junit-platform-engine-1.2.0.jar:/Users/msuren1/.m2/repository/org/junit/platform/junit-platform-commons/1.2.0/junit-platform-commons-1.2.0.jar:/Users/msuren1/.m2/repository/org/opentest4j/opentest4j/1.1.0/opentest4j-1.1.0.jar:/Users/msuren1/.m2/repository/org/junit/jupiter/junit-jupiter-engine/5.2.0/junit-jupiter-engine-5.2.0.jar:/Users/msuren1/.m2/repository/org/junit/jupiter/junit-jupiter-api/5.2.0/junit-jupiter-api-5.2.0.jar:/Users/msuren1/.m2/repository/org/codehaus/groovy/groovy-testng/3.0.0-alpha-3/groovy-testng-3.0.0-alpha-3.jar:/Users/msuren1/.m2/repository/org/codehaus/groovy/groovy-xml/3.0.0-alpha-3/groovy-xml-3.0.0-alpha-3.jar:/Users/msuren1/.m2/repository/org/seleniumhq/selenium/selenium-java/3.14.0/selenium-java-3.14.0.jar:/Users/msuren1/.m2/repository/org/seleniumhq/selenium/selenium-api/3.14.0/selenium-api-3.14.0.jar:/Users/msuren1/.m2/repository/org/seleniumhq/selenium/selenium-chrome-driver/3.14.0/selenium-chrome-driver-3.14.0.jar:/Users/msuren1/.m2/repository/org/seleniumhq/selenium/selenium-edge-driver/3.14.0/selenium-edge-driver-3.14.0.jar:/Users/msuren1/.m2/repository/org/seleniumhq/selenium/selenium-firefox-driver/3.14.0/selenium-firefox-driver-3.14.0.jar:/Users/msuren1/.m2/repository/org/seleniumhq/selenium/selenium-ie-driver/3.14.0/selenium-ie-driver-3.14.0.jar:/Users/msuren1/.m2/repository/org/seleniumhq/selenium/selenium-opera-driver/3.14.0/selenium-opera-driver-3.14.0.jar:/Users/msuren1/.m2/repository/org/seleniumhq/selenium/selenium-remote-driver/3.14.0/selenium-remote-driver-3.14.0.jar:/Users/msuren1/.m2/repository/org/seleniumhq/selenium/selenium-safari-driver/3.14.0/selenium-safari-driver-3.14.0.jar:/Users/msuren1/.m2/repository/org/seleniumhq/selenium/selenium-support/3.14.0/selenium-support-3.14.0.jar:/Users/msuren1/.m2/repository/net/bytebuddy/byte-buddy/1.8.15/byte-buddy-1.8.15.jar:/Users/msuren1/.m2/repository/org/apache/commons/commons-exec/1.3/commons-exec-1.3.jar:/Users/msuren1/.m2/repository/commons-codec/commons-codec/1.10/commons-codec-1.10.jar:/Users/msuren1/.m2/repository/commons-logging/commons-logging/1.2/commons-logging-1.2.jar:/Users/msuren1/.m2/repository/com/google/guava/guava/25.0-jre/guava-25.0-jre.jar:/Users/msuren1/.m2/repository/com/google/code/findbugs/jsr305/1.3.9/jsr305-1.3.9.jar:/Users/msuren1/.m2/repository/org/checkerframework/checker-compat-qual/2.0.0/checker-compat-qual-2.0.0.jar:/Users/msuren1/.m2/repository/com/google/errorprone/error_prone_annotations/2.1.3/error_prone_annotations-2.1.3.jar:/Users/msuren1/.m2/repository/com/google/j2objc/j2objc-annotations/1.1/j2objc-annotations-1.1.jar:/Users/msuren1/.m2/repository/org/codehaus/mojo/animal-sniffer-annotations/1.14/animal-sniffer-annotations-1.14.jar:/Users/msuren1/.m2/repository/org/apache/httpcomponents/httpclient/4.5.5/httpclient-4.5.5.jar:/Users/msuren1/.m2/repository/org/apache/httpcomponents/httpcore/4.4.9/httpcore-4.4.9.jar:/Users/msuren1/.m2/repository/com/squareup/okhttp3/okhttp/3.10.0/okhttp-3.10.0.jar:/Users/msuren1/.m2/repository/com/squareup/okio/okio/1.14.1/okio-1.14.1.jar:/Users/msuren1/.m2/repository/org/uncommons/reportng/1.1.4/reportng-1.1.4.jar:/Users/msuren1/.m2/repository/velocity/velocity/1.4/velocity-1.4.jar:/Users/msuren1/.m2/repository/velocity/velocity-dep/1.4/velocity-dep-1.4.jar:/Users/msuren1/.m2/repository/com/google/inject/guice/3.0/guice-3.0.jar:/Users/msuren1/.m2/repository/javax/inject/javax.inject/1/javax.inject-1.jar:/Users/msuren1/.m2/repository/aopalliance/aopalliance/1.0/aopalliance-1.0.jar:/Users/msuren1/.m2/repository/org/testng/testng/6.14.2/testng-6.14.2.jar:/Users/msuren1/.m2/repository/org/apache-extras/beanshell/bsh/2.0b6/bsh-2.0b6.jar:/Users/msuren1/.m2/repository/org/springframework/spring-core/5.1.0.RELEASE/spring-core-5.1.0.RELEASE.jar:/Users/msuren1/.m2/repository/org/springframework/spring-jcl/5.1.0.RELEASE/spring-jcl-5.1.0.RELEASE.jar:/Users/msuren1/.m2/repository/org/springframework/spring-context/5.1.0.RELEASE/spring-context-5.1.0.RELEASE.jar:/Users/msuren1/.m2/repository/org/springframework/spring-aop/5.1.0.RELEASE/spring-aop-5.1.0.RELEASE.jar:/Users/msuren1/.m2/repository/org/springframework/spring-beans/5.1.0.RELEASE/spring-beans-5.1.0.RELEASE.jar:/Users/msuren1/.m2/repository/org/springframework/spring-expression/5.1.0.RELEASE/spring-expression-5.1.0.RELEASE.jar:/Users/msuren1/.m2/repository/com/beust/jcommander/1.72/jcommander-1.72.jar:"/>
    <property name="sun.cpu.endian" value="little"/>
    <property name="user.home" value="/Users/msuren1"/>
    <property name="user.language" value="en"/>
    <property name="java.specification.vendor" value="Oracle Corporation"/>
    <property name="java.version.date" value="2019-07-16"/>
    <property name="java.home" value="/Library/Java/JavaVirtualMachines/jdk-11.0.4.jdk/Contents/Home"/>
    <property name="file.separator" value="/"/>
    <property name="basedir" value="/Users/msuren1/Desktop/Bootcamp/test"/>
    <property name="java.vm.compressedOopsMode" value="Zero based"/>
    <property name="line.separator" value="&#10;"/>
    <property name="java.specification.name" value="Java Platform API Specification"/>
    <property name="java.vm.specification.vendor" value="Oracle Corporation"/>
    <property name="java.awt.graphicsenv" value="sun.awt.CGraphicsEnvironment"/>
    <property name="surefire.real.class.path" value="/Users/msuren1/Desktop/Bootcamp/test/target/surefire/surefirebooter9147576092532106659.jar"/>
    <property name="sun.management.compiler" value="HotSpot 64-Bit Tiered Compilers"/>
    <property name="ftp.nonProxyHosts" value="local|*.local|169.254/16|*.169.254/16"/>
    <property name="java.runtime.version" value="11.0.4+10-LTS"/>
    <property name="user.name" value="suren"/>
    <property name="path.separator" value=":"/>
    <property name="os.version" value="10.14"/>
    <property name="java.runtime.name" value="Java(TM) SE Runtime Environment"/>
    <property name="file.encoding" value="UTF-8"/>
    <property name="java.vm.name" value="Java HotSpot(TM) 64-Bit Server VM"/>
    <property name="java.vendor.version" value="18.9"/>
    <property name="localRepository" value="/Users/msuren1/.m2/repository"/>
    <property name="java.vendor.url.bug" value="http://bugreport.java.com/bugreport/"/>
    <property name="java.io.tmpdir" value="/var/folders/l2/nmrzjz7n1njcv4pm_0xbhpnw0000gq/T/"/>
    <property name="java.version" value="11.0.4"/>
    <property name="user.dir" value="/Users/msuren1/Desktop/Bootcamp/test"/>
    <property name="os.arch" value="x86_64"/>
    <property name="java.vm.specification.name" value="Java Virtual Machine Specification"/>
    <property name="java.awt.printerjob" value="sun.lwawt.macosx.CPrinterJob"/>
    <property name="sun.os.patch.level" value="unknown"/>
    <property name="java.library.path" value="/Users/msuren1/Library/Java/Extensions:/Library/Java/Extensions:/Network/Library/Java/Extensions:/System/Library/Java/Extensions:/usr/lib/java:."/>
    <property name="java.vendor" value="Oracle Corporation"/>
    <property name="java.vm.info" value="mixed mode"/>
    <property name="java.vm.version" value="11.0.4+10-LTS"/>
    <property name="sun.io.unicode.encoding" value="UnicodeBig"/>
    <property name="java.class.version" value="55.0"/>
    <property name="socksNonProxyHosts" value="local|*.local|169.254/16|*.169.254/16"/>
  </properties>
  <testcase name="login" classname="test.AppTest" time="13.722"/>
</testsuite>