<?xml version="1.0" encoding="UTF-8"?>
<!-- Generated by org.testng.reporters.JUnitReportReporter -->
<testsuite hostname="In-cbe-Surender.local" failures="0" tests="1" name="test.AppTest" time="13.720" errors="0" timestamp="29 May 2020 13:46:27 GMT" skipped="0">
  <testcase classname="test.AppTest" name="login" time="13.720"/>
</testsuite> <!-- test.AppTest -->
